<?xml version="1.0" encoding="UTF-8"?>
<!-- Generated by org.testng.reporters.JUnitReportReporter -->
<testsuite hostname="DELLi310GEN" failures="0" tests="2" name="testNG_Scripts.LoginModule" time="59.357" errors="0" timestamp="2022-05-10T17:17:11 IST" skipped="0">
  <testcase classname="testNG_Scripts.LoginModule" name="TC1_Verify_admin_user_is_able_to_loginWith_valid_credentials" time="29.371"/>
  <system-out/>
  <testcase classname="testNG_Scripts.LoginModule" name="TC2_Verify_admin_user_is_able_to_Logout_ERP_Application" time="29.986"/>
  <system-out/>
</testsuite> <!-- testNG_Scripts.LoginModule -->
