<?xml version="1.0" encoding="UTF-8"?>
<!-- Generated by org.testng.reporters.JUnitReportReporter -->
<testsuite hostname="DELLi310GEN" failures="0" tests="10" name="testNG_Scripts.Test2" time="0.029" errors="0" timestamp="2022-05-10T18:08:01 IST" skipped="0">
  <testcase classname="testNG_Scripts.Test2" name="TC1" time="0.002"/>
  <system-out/>
  <testcase classname="testNG_Scripts.Test2" name="TC1" time="0.002"/>
  <system-out/>
  <testcase classname="testNG_Scripts.Test2" name="TC1" time="0.002"/>
  <system-out/>
  <testcase classname="testNG_Scripts.Test2" name="TC1" time="0.002"/>
  <system-out/>
  <testcase classname="testNG_Scripts.Test2" name="TC1" time="0.008"/>
  <system-out/>
  <testcase classname="testNG_Scripts.Test2" name="TC1" time="0.002"/>
  <system-out/>
  <testcase classname="testNG_Scripts.Test2" name="TC1" time="0.001"/>
  <system-out/>
  <testcase classname="testNG_Scripts.Test2" name="TC1" time="0.007"/>
  <system-out/>
  <testcase classname="testNG_Scripts.Test2" name="TC1" time="0.002"/>
  <system-out/>
  <testcase classname="testNG_Scripts.Test2" name="TC1" time="0.001"/>
  <system-out/>
</testsuite> <!-- testNG_Scripts.Test2 -->
