<?xml version="1.0" encoding="UTF-8"?>
<!-- Generated by org.testng.reporters.JUnitReportReporter -->
<testsuite hostname="DELLi310GEN" failures="0" tests="1" name="testNG_Scripts.LoginWithParameters" time="19.006" errors="0" timestamp="2022-05-10T17:52:48 IST" skipped="0">
  <testcase classname="testNG_Scripts.LoginWithParameters" name="testCaseTwo" time="19.006"/>
  <system-out/>
</testsuite> <!-- testNG_Scripts.LoginWithParameters -->
