<?xml version="1.0" encoding="UTF-8"?>
<!-- Generated by org.testng.reporters.JUnitReportReporter -->
<testsuite hostname="DELLi310GEN" failures="0" tests="4" name="testNG_Scripts.ExampleForPriority" time="0.020" errors="0" timestamp="2022-05-10T18:15:24 IST" skipped="0">
  <testcase classname="testNG_Scripts.ExampleForPriority" name="a" time="0.010"/>
  <system-out/>
  <testcase classname="testNG_Scripts.ExampleForPriority" name="b" time="0.005"/>
  <system-out/>
  <testcase classname="testNG_Scripts.ExampleForPriority" name="d" time="0.002"/>
  <system-out/>
  <testcase classname="testNG_Scripts.ExampleForPriority" name="c" time="0.003"/>
  <system-out/>
</testsuite> <!-- testNG_Scripts.ExampleForPriority -->
