<?xml version="1.0" encoding="UTF-8"?>
<!-- Generated by org.testng.reporters.JUnitReportReporter -->
<testsuite hostname="DELLi310GEN" failures="0" tests="2" name="testNG_Scripts.Module_1" time="0.012" errors="0" timestamp="2022-05-10T17:29:08 IST" skipped="0">
  <testcase classname="testNG_Scripts.Module_1" name="TC_1" time="0.011"/>
  <system-out/>
  <testcase classname="testNG_Scripts.Module_1" name="TC_2" time="0.001"/>
  <system-out/>
</testsuite> <!-- testNG_Scripts.Module_1 -->
