<?xml version="1.0" encoding="UTF-8"?>
<!-- Generated by org.testng.reporters.JUnitReportReporter -->
<testsuite hostname="DELLi310GEN" failures="0" tests="2" name="testNG_Scripts.HomePageModule" time="59.026" errors="0" timestamp="2022-05-10T17:17:11 IST" skipped="0">
  <testcase classname="testNG_Scripts.HomePageModule" name="TC5_Verify_admin_user_is_able_to_access_StockItems_Page" time="29.792"/>
  <system-out/>
  <testcase classname="testNG_Scripts.HomePageModule" name="TC6_Verify_admin_user_is_able_to_access_Customers_Page" time="29.234"/>
  <system-out/>
</testsuite> <!-- testNG_Scripts.HomePageModule -->
