<?xml version="1.0" encoding="UTF-8"?>
<!-- Generated by org.testng.reporters.JUnitReportReporter -->
<testsuite hostname="DELLi310GEN" failures="0" tests="2" name="testNG_Scripts.Param" time="0.010" errors="0" timestamp="2022-05-10T17:46:08 IST" skipped="0">
  <testcase classname="testNG_Scripts.Param" name="testCaseTwo" time="0.002"/>
  <system-out/>
  <testcase classname="testNG_Scripts.Param" name="testCaseOne" time="0.008"/>
  <system-out/>
</testsuite> <!-- testNG_Scripts.Param -->
