<?xml version="1.0" encoding="UTF-8"?>
<!-- Generated by org.testng.reporters.JUnitReportReporter -->
<testsuite hostname="DELLi310GEN" failures="0" tests="3" name="testNG_Scripts.Sample1" time="0.023" errors="0" timestamp="2022-05-06T17:50:14 IST" skipped="0">
  <testcase classname="testNG_Scripts.Sample1" name="TestCase_1_addition" time="0.008"/>
  <system-out/>
  <testcase classname="testNG_Scripts.Sample1" name="TestCase_2" time="0.005"/>
  <system-out/>
  <testcase classname="testNG_Scripts.Sample1" name="TestCase_3" time="0.010"/>
  <system-out/>
</testsuite> <!-- testNG_Scripts.Sample1 -->
