<?xml version="1.0" encoding="UTF-8"?>
<!-- Generated by org.testng.reporters.JUnitReportReporter -->
<testsuite hostname="DELLi310GEN" failures="0" tests="2" name="testNG_Scripts.Module_2" time="0.004" errors="0" timestamp="2022-05-09T17:41:51 IST" skipped="0">
  <testcase classname="testNG_Scripts.Module_2" name="TC_4" time="0.002"/>
  <system-out/>
  <testcase classname="testNG_Scripts.Module_2" name="TC_3" time="0.002"/>
  <system-out/>
</testsuite> <!-- testNG_Scripts.Module_2 -->
